2024-01-24 10:08:50,402 - WARNING - Created a chunk of size 1626, which is longer than the specified 1000
2024-01-24 10:08:53,775 - INFO - Loading faiss with AVX2 support.
2024-01-24 10:08:53,775 - INFO - Could not load library with AVX2 support due to:
ModuleNotFoundError("No module named 'faiss.swigfaiss_avx2'")
2024-01-24 10:08:53,775 - INFO - Loading faiss.
2024-01-24 10:08:53,894 - INFO - Successfully loaded faiss.
2024-01-24 10:08:53,911 - INFO - Embeddings and chain successfully generated.
2024-01-24 10:11:24,555 - INFO - User Query: internship - Bot Response:  I don't see any mention of an internship in the given context, so I don't know the answer to this question. (Timestamp: 2024-01-24 10:11:24)
2024-01-24 10:11:37,813 - INFO - User Query: topics - Bot Response:  Some of the topics discussed in this context are security issues in cloud computing, virtualization, brokering services, research issues, resource management, cost reduction, storage space, data security, physical security, operational security, programmatic security, data backup, data usage, data loss, data integrity, data theft, performance issues, energy related issues, bandwidth related issues, design issues, reliability, legal issues, and service level agreements.  (Timestamp: 2024-01-24 10:11:37)
2024-01-24 10:12:10,269 - INFO - User Query: what is the use of reading thi - Bot Response:  I don't know, this context does not provide any information about the use of reading it. (Timestamp: 2024-01-24 10:12:10)
2024-01-24 10:12:14,090 - INFO - User Query: what is the use of reading this - Bot Response:  Reading this article provides a comprehensive overview of the basics, models, technology, services, research, and security issues related to cloud computing. It also discusses the challenges and potential future trends in this field. This information can be useful for understanding and staying updated on the latest developments in cloud computing and for those interested in pursuing research in this area. (Timestamp: 2024-01-24 10:12:14)
2024-01-25 09:02:11,098 - WARNING - Created a chunk of size 1626, which is longer than the specified 1000
2024-01-25 09:02:15,491 - INFO - Loading faiss with AVX2 support.
2024-01-25 09:02:15,491 - INFO - Could not load library with AVX2 support due to:
ModuleNotFoundError("No module named 'faiss.swigfaiss_avx2'")
2024-01-25 09:02:15,491 - INFO - Loading faiss.
2024-01-25 09:02:15,622 - INFO - Successfully loaded faiss.
2024-01-25 09:02:15,662 - INFO - Embeddings and chain successfully generated.
2024-01-25 09:03:25,465 - INFO - User Query: what is the address - Bot Response:  I don't know the specific address mentioned in the context, as the pieces of context provided do not mention any specific address. (Timestamp: 2024-01-25 09:03:25)
2024-01-25 09:03:52,837 - INFO - User Query: how many topics are there in this book - Bot Response:  It is not possible to determine the exact number of topics in this book based on the given context. The book may cover multiple topics related to cloud computing, but the number cannot be determined without further information. (Timestamp: 2024-01-25 09:03:52)
2024-01-25 09:09:42,631 - WARNING - Created a chunk of size 1626, which is longer than the specified 1000
2024-01-25 09:09:46,328 - INFO - Loading faiss with AVX2 support.
2024-01-25 09:09:46,328 - INFO - Could not load library with AVX2 support due to:
ModuleNotFoundError("No module named 'faiss.swigfaiss_avx2'")
2024-01-25 09:09:46,328 - INFO - Loading faiss.
2024-01-25 09:09:46,585 - INFO - Successfully loaded faiss.
2024-01-25 09:09:46,628 - INFO - Embeddings and chain successfully generated.
2024-01-25 09:10:14,463 - INFO - User Query: what is cloud computing - Bot Response:  Cloud computing is an Internet-based technology that allows for the sharing of hardware and software resources through a network. It offers various services and allows for on-demand access to these resources, making it a popular research area in computer science. (Timestamp: 2024-01-25 09:10:14)
2024-01-25 09:13:57,242 - WARNING - Created a chunk of size 1626, which is longer than the specified 1000
2024-01-25 09:13:59,798 - INFO - Embeddings and chain successfully generated.
2024-01-25 09:14:21,597 - INFO - User Query: tell mme about cloud - Bot Response:  Cloud computing is a technology that uses existing grid technology and the internet to share resources and provide a broad network access. It has five essential characteristics, including on-demand self-service, independent resource pooling, and rapid elasticity. There are also four deployment models, including private, public, hybrid, and community. Additionally, there are three service models: PAAS, IAAS, and SAAS. Cloud computing allows for rapid scalability, reduced management costs, and availability of resources. It is a popular research area in computer science, with many open research problems and proposed solutions. (Timestamp: 2024-01-25 09:14:21)
2024-01-25 09:38:42,738 - INFO - User Query: WHAT IS CLOUD - Bot Response:  Cloud computing is a technology that allows for the delivery of new information and services through existing grid technology and the use of internet resources. It involves sharing resources and network access, and is composed of five essential characteristics: on demand self-service, broad network access, independent resource pooling, rapid elasticity, and measured service. Cloud computing has three service models (PAAS, IAAS, SAAS) and four deployment models (private, public, hybrid, community). It also uses virtualization to increase efficiency and has a pay-as-you-use payment model. (Timestamp: 2024-01-25 09:38:42)
2024-01-25 09:40:52,981 - INFO - User Query: WHAT IS CLOUD - Bot Response:  Cloud computing is an internet based technology that allows for the sharing of resources and broad network access. It has various essential characteristics such as on demand self-services and measured service, and is composed of different deployment and service models. It also utilizes virtualization and brokering services to manage and maintain resources. (Timestamp: 2024-01-25 09:40:52)
2024-01-25 09:43:05,414 - WARNING - Created a chunk of size 1626, which is longer than the specified 1000
2024-01-25 09:43:08,343 - INFO - Embeddings and chain successfully generated.
2024-01-25 09:43:29,606 - INFO - User Query: what is cloud - Bot Response:  Cloud computing is an internet-based technology that allows for the sharing and accessing of resources and services over a broad network, typically managed by a third-party cloud service provider. It has become a popular research area in the field of computer science, with various deployment and service models available. (Timestamp: 2024-01-25 09:43:29)
2024-01-25 09:45:35,710 - WARNING - Created a chunk of size 1626, which is longer than the specified 1000
2024-01-25 09:45:38,721 - INFO - Embeddings and chain successfully generated.
2024-01-25 09:45:43,286 - INFO - User Query: what is cloud - Bot Response:  Cloud computing is an internet-based technology that allows for the sharing of resources and broad network access. It involves using existing grid technology and internet infrastructure to communicate between client and server applications. Cloud computing has various deployment and service models, and offers benefits such as scalability, reduced management costs, and availability of resources. (Timestamp: 2024-01-25 09:45:43)
2024-01-25 09:54:56,004 - INFO - User Query: what is cloud - Bot Response:  Cloud computing is an Internet based resource sharing technology that delivers a new model for information and services through existing grid computing technology. It allows for on-demand self-services, broad network access, independent resource pooling, rapid elasticity, and measured service. There are three service models - PAAS, IAAS, and SAAS - and four deployment models - private, public, hybrid, and community. It is a cost-effective and scalable way to access and use web-oriented services through a cloud service provider. (Timestamp: 2024-01-25 09:54:56)
2024-01-25 09:57:14,075 - INFO - User Query: what is cloud - Bot Response:  Cloud computing is a technology that allows for the delivery of information and services through the use of shared resources and broad network access. It utilizes existing grid technology and relies on Internet infrastructure to connect clients with server-side applications. Cloud computing offers a variety of service models, including PAAS, IAAS, and SAAS, and can be deployed through private, public, hybrid, and community models. It also has essential characteristics such as on-demand self-services, independent resource pooling, and rapid elasticity. Virtualization is an important concept in cloud computing, and payment is based on a "pay as you use" model. Overall, cloud computing is a popular technology in the field of computer science and continues to be an important area for research and development.  (Timestamp: 2024-01-25 09:57:14)
2024-01-26 09:02:19,949 - WARNING - Created a chunk of size 1626, which is longer than the specified 1000
2024-01-26 09:02:25,343 - INFO - Loading faiss with AVX2 support.
2024-01-26 09:02:25,343 - INFO - Could not load library with AVX2 support due to:
ModuleNotFoundError("No module named 'faiss.swigfaiss_avx2'")
2024-01-26 09:02:25,343 - INFO - Loading faiss.
2024-01-26 09:02:25,500 - INFO - Successfully loaded faiss.
2024-01-26 09:02:25,554 - INFO - Embeddings and chain successfully generated.
2024-01-26 09:02:37,081 - INFO - User Query: hi - Bot Response:  I'm sorry, I don't understand what you are asking. Please provide a question or specific context for me to answer.  (Timestamp: 2024-01-26 09:02:37)
2024-01-26 09:02:59,757 - INFO - User Query: what can i learn - Bot Response:  You can learn about cloud computing, its basic concepts, history, virtualization technique, different brokering services, secure cloud communication paradigms, and service level agreement. You can also learn about the security issues related to cloud computing and potential solutions for those issues. (Timestamp: 2024-01-26 09:02:59)
2024-01-26 09:03:21,680 - INFO - User Query: tell me about cloud - Bot Response:  Cloud computing is a technology that uses the Internet to deliver information and services through a shared network. It allows for hardware and software resource sharing and is managed by a third party cloud service provider. It offers benefits such as increased capacity, scalability, and reduced management costs. It has three service models (PAAS, IAAS, SAAS) and four deployment models (private, public, hybrid, and community). Cloud computing has become a popular research area in computer science, with many open research problems and proposed solutions. (Timestamp: 2024-01-26 09:03:21)
